1617022459633	geckodriver	INFO	Listening on 127.0.0.1:49567
1617022462713	mozrunner::runner	INFO	Running command: "C:\\Program Files\\Mozilla Firefox\\firefox.exe" "--marionette" "-foreground" "-no-remote" "-profile" "C:\\Users\\KOZLYA~1\\AppData\\Local\\Temp\\rust_mozprofile2bbbvi"
console.warn: SearchSettings: "get: No settings file exists, new profile?" (new Error("", "(unknown module)"))
1617022464952	Marionette	INFO	Listening on port 49578
1617022465389	Marionette	WARN	TLS certificate errors will be ignored for this session
1617022491957	Marionette	INFO	Stopped listening on port 49578

###!!! [Child][RunMessage] Error: Channel closing: too late to send/recv, messages will be lost

1617022500754	geckodriver	INFO	Listening on 127.0.0.1:49659
1617022503842	mozrunner::runner	INFO	Running command: "C:\\Program Files\\Mozilla Firefox\\firefox.exe" "--marionette" "-foreground" "-no-remote" "-profile" "C:\\Users\\KOZLYA~1\\AppData\\Local\\Temp\\rust_mozprofile7byaRg"
console.warn: SearchSettings: "get: No settings file exists, new profile?" (new Error("", "(unknown module)"))
1617022505908	Marionette	INFO	Listening on port 49679
1617022505998	Marionette	WARN	TLS certificate errors will be ignored for this session
console.log: WebExtensions: reset-default-search: No addons in our list are installed.
1617025760646	Marionette	INFO	Stopped listening on port 49679
1617026121350	geckodriver	INFO	Listening on 127.0.0.1:52247
1617026124438	mozrunner::runner	INFO	Running command: "C:\\Program Files\\Mozilla Firefox\\firefox.exe" "--marionette" "-foreground" "-no-remote" "-profile" "C:\\Users\\KOZLYA~1\\AppData\\Local\\Temp\\rust_mozprofile5hYYMC"
console.warn: SearchSettings: "get: No settings file exists, new profile?" (new Error("", "(unknown module)"))
1617026126412	Marionette	INFO	Listening on port 52260
1617026126489	Marionette	WARN	TLS certificate errors will be ignored for this session
1617026153947	Marionette	INFO	Stopped listening on port 52260

###!!! [Child][RunMessage] Error: Channel closing: too late to send/recv, messages will be lost

